case 1:
0->
case 2:
577793->
case 3:
408221->577793->
case 4:
408221->577793->880861->
case 5:
577793->880861->
case 6:
460353->577793->880861->
case 7:
223489->460353->577793->880861->
577793
case 8:
223489->460353->577793->880861->
460353
case 9:
223489->460353->577793->880861->
880861
case 10:
223489->460353->577793->880861->
case 11:
223489->460353->577793->
case 12:
100033->223489->460353->577793->
case 13:
73956->100033->223489->460353->577793->
case 14:
22575->73956->100033->223489->460353->577793->
577793
case 15:
22575->73956->100033->223489->460353->577793->
577793
case 16:
22575->73956->100033->223489->460353->577793->
case 17:
22575->73956->100033->223489->460353->577793->812645->
100033
case 18:
22575->73956->100033->223489->460353->577793->812645->
case 19:
22575->73956->100033->223489->460353->577793->643621->812645->
case 20:
22575->73956->100033->223489->451623->460353->577793->643621->812645->
22575
case 21:
22575->73956->100033->223489->451623->460353->577793->643621->812645->
case 22:
22575->73956->100033->223489->451623->460353->556691->577793->643621->812645->
22575
case 23:
22575->73956->100033->223489->451623->460353->556691->577793->643621->812645->
case 24:
22575->73956->100033->223489->225789->451623->460353->556691->577793->643621->812645->
case 25:
73956->100033->223489->225789->451623->460353->556691->577793->643621->812645->
case 26:
73956->100033->223489->225789->451623->460353->556691->577793->632329->643621->812645->
1
case 27:
73956->100033->223489->225789->451623->460353->556691->577793->632329->643621->812645->
case 28:
73956->100033->223489->225789->316785->451623->460353->556691->577793->632329->643621->812645->
100033
case 29:
73956->100033->223489->225789->316785->451623->460353->556691->577793->632329->643621->812645->
643621
case 30:
73956->100033->223489->225789->316785->451623->460353->556691->577793->632329->643621->812645->
632329
case 31:
73956->100033->223489->225789->316785->451623->460353->556691->577793->632329->643621->812645->
643621
case 32:
73956->100033->223489->225789->316785->451623->460353->556691->577793->632329->643621->812645->
case 33:
73956->100033->223489->225789->272382->316785->451623->460353->556691->577793->632329->643621->812645->
case 34:
73956->100033->223489->225789->272382->316785->434049->451623->460353->556691->577793->632329->643621->812645->
case 35:
73956->100033->223489->225789->272382->316785->434049->451623->460353->556691->577793->632329->812645->
case 36:
73956->99617->100033->223489->225789->272382->316785->434049->451623->460353->556691->577793->632329->812645->
case 37:
73956->99617->100033->223489->225789->272382->316785->434049->451623->460353->556691->632329->812645->
case 38:
73956->99617->100033->223489->225789->272382->316785->434049->451623->460353->556691->632329->812645->921581->
case 39:
73956->99617->100033->223489->225789->272382->316785->434049->451623->460353->556691->632329->812645->894033->921581->
4
case 40:
73956->99617->100033->223489->225789->272382->316785->434049->451623->460353->556691->632329->812645->894033->921581->
case 41:
73956->99617->100033->223489->225789->272382->316785->434049->451623->460353->556691->632329->767367->812645->894033->921581->
6
case 42:
73956->99617->100033->223489->225789->272382->316785->434049->451623->460353->556691->632329->767367->812645->894033->921581->
case 43:
73956->99617->100033->223489->225789->272382->316785->434049->451623->460353->556691->632329->642721->767367->812645->894033->921581->
case 44:
73956->99617->100033->223489->225789->272033->272382->316785->434049->451623->460353->556691->632329->642721->767367->812645->894033->921581->
13
case 45:
73956->99617->100033->223489->225789->272033->272382->316785->434049->451623->460353->556691->632329->642721->767367->812645->894033->921581->
case 46:
73956->99617->100033->223489->225789->272033->272382->316785->434049->451623->460353->556691->632329->642721->737721->767367->812645->894033->921581->
case 47:
73956->99617->100033->223489->225789->272033->272382->316785->434049->451623->460353->556691->632329->642721->737721->767367->812645->864513->894033->921581->
737721
case 48:
73956->99617->100033->223489->225789->272033->272382->316785->434049->451623->460353->556691->632329->642721->737721->767367->812645->864513->894033->921581->
case 49:
73956->99617->100033->223489->225789->272033->272382->316785->434049->451623->460353->556691->632329->642721->737721->767367->812645->864513->877545->894033->921581->
case 50:
51097->73956->99617->100033->223489->225789->272033->272382->316785->434049->451623->460353->556691->632329->642721->737721->767367->812645->864513->877545->894033->921581->
